============================= test session starts ==============================
platform darwin -- Python 3.9.6, pytest-8.4.2, pluggy-1.6.0 -- /Users/dina/ai110-module1show-gameglitchinvestigator-starter/venv/bin/python3
cachedir: .pytest_cache
rootdir: /Users/dina/ai110-module1show-gameglitchinvestigator-starter
collecting ... collected 6 items

tests/test_game_logic.py::test_winning_guess PASSED                      [ 16%]
tests/test_game_logic.py::test_guess_too_high PASSED                     [ 33%]
tests/test_game_logic.py::test_guess_too_low PASSED                      [ 50%]
tests/test_game_logic.py::test_high_guess_message_direction PASSED       [ 66%]
tests/test_game_logic.py::test_low_guess_message_direction PASSED        [ 83%]
tests/test_game_logic.py::test_high_guess_with_string_secret PASSED      [100%]

============================== 6 passed in 0.00s ===============================
